[2024-01-15T19:19:43.605160+01:00] logger.ERROR: Weather\WeatherStack\Domain\Model\Exceptions\OutOfRangeDayHourException Day hour must be a integer value between 0-23. '-1' is out of range. [] []
[2024-01-15T19:19:43.609894+01:00] logger.ERROR: Weather\WeatherStack\Domain\Model\Exceptions\OutOfRangeDayHourException Day hour must be a integer value between 0-23. '24' is out of range. [] []
[2024-01-15T19:23:19.870333+01:00] logger.ERROR: Weather\WeatherStack\Exceptions\APIErrorException API Error success '', code '???', type '???', info '???' [] []
[2024-01-15T19:23:19.873619+01:00] logger.ERROR: Weather\WeatherStack\Exceptions\APIErrorException API Error success '', code '???', type '???', info '???' [] []
[2024-01-15T19:23:33.913435+01:00] logger.ERROR: Weather\WeatherStack\Exceptions\APIErrorException API Error success '', code '???', type '???', info '???' [] []
[2024-01-15T19:23:33.915649+01:00] logger.ERROR: Weather\WeatherStack\Exceptions\APIErrorException API Error success '', code '???', type '???', info '???' [] []
[2024-01-15T19:23:48.248300+01:00] logger.ERROR: Weather\WeatherStack\Exceptions\APIErrorException API Error success '', code '???', type '???', info '???' [] []
[2024-01-15T19:23:48.250910+01:00] logger.ERROR: Weather\WeatherStack\Exceptions\APIErrorException API Error success '', code '???', type '???', info '???' [] []
[2024-01-15T19:23:52.888726+01:00] logger.ERROR: Weather\WeatherStack\Domain\Model\Exceptions\OutOfRangeDayHourException Day hour must be a integer value between 0-23. '-1' is out of range. [] []
[2024-01-15T19:23:52.890925+01:00] logger.ERROR: Weather\WeatherStack\Domain\Model\Exceptions\OutOfRangeDayHourException Day hour must be a integer value between 0-23. '24' is out of range. [] []
[2024-01-15T19:33:19.940354+01:00] logger.ERROR: Weather\WeatherStack\Domain\Model\CurrentWeather\Exceptions\CurrentWeatherNotFoundException  [] []
[2024-01-15T19:34:49.711408+01:00] logger.ERROR: Weather\WeatherStack\Domain\Model\CurrentWeather\Exceptions\CurrentWeatherNotFoundException  [] []
[2024-01-15T19:35:38.069911+01:00] logger.ERROR: Weather\WeatherStack\Domain\Model\CurrentWeather\Exceptions\CurrentWeatherNotFoundException  [] []
[2024-01-15T19:36:24.450309+01:00] logger.ERROR: Weather\WeatherStack\Domain\Model\CurrentWeather\Exceptions\CurrentWeatherNotFoundException  [] []
[2024-01-15T19:37:09.443484+01:00] logger.ERROR: Weather\WeatherStack\Domain\Model\CurrentWeather\Exceptions\CurrentWeatherNotFoundException  [] []
[2024-01-15T19:37:20.824337+01:00] logger.ERROR: Weather\WeatherStack\Domain\Model\CurrentWeather\Exceptions\CurrentWeatherNotFoundException  [] []
[2024-01-15T19:39:27.045666+01:00] logger.ERROR: Weather\WeatherStack\Domain\Model\CurrentWeather\Exceptions\CurrentWeatherNotFoundException  [] []
[2024-01-15T19:43:16.128159+01:00] logger.ERROR: Weather\WeatherStack\Domain\Model\CurrentWeather\Exceptions\CurrentWeatherNotFoundException  [] []
[2024-01-15T19:49:13.469067+01:00] logger.ERROR: Weather\WeatherStack\Domain\Model\CurrentWeather\Exceptions\CurrentWeatherNotFoundException  [] []
[2024-01-15T19:51:11.407243+01:00] logger.ERROR: Weather\WeatherStack\Domain\Model\CurrentWeather\Exceptions\CurrentWeatherNotFoundException  [] []
[2024-01-15T19:52:16.731996+01:00] logger.ERROR: Weather\WeatherStack\Domain\Model\CurrentWeather\Exceptions\CurrentWeatherNotFoundException  [] []
[2024-01-15T19:52:51.020771+01:00] logger.ERROR: Weather\WeatherStack\Domain\Model\CurrentWeather\Exceptions\CurrentWeatherNotFoundException  [] []
[2024-01-15T19:53:55.224594+01:00] logger.ERROR: Weather\WeatherStack\Domain\Model\CurrentWeather\Exceptions\CurrentWeatherNotFoundException  [] []
[2024-01-15T19:56:49.017034+01:00] logger.ERROR: Weather\WeatherStack\Domain\Model\CurrentWeather\Exceptions\CurrentWeatherNotFoundException  [] []
[2024-01-15T19:57:02.340852+01:00] logger.ERROR: Weather\WeatherStack\Domain\Model\CurrentWeather\Exceptions\CurrentWeatherNotFoundException  [] []
[2024-01-15T19:59:17.486209+01:00] logger.ERROR: Weather\WeatherStack\Domain\Model\CurrentWeather\Exceptions\CurrentWeatherNotFoundException  [] []
[2024-01-15T20:01:03.761016+01:00] logger.ERROR: Weather\WeatherStack\Exceptions\APIErrorException API Error success '', code '???', type '???', info '???' [] []
[2024-01-15T20:01:03.762671+01:00] logger.ERROR: Weather\WeatherStack\Exceptions\APIErrorException API Error success '', code '???', type '???', info '???' [] []
[2024-01-15T20:01:03.773647+01:00] logger.ERROR: Weather\WeatherStack\Exceptions\APIErrorException API Error success 'false', code '615', type 'request_failed', info 'Your API request failed. Please try again or contact support.' [] []
[2024-01-15T20:01:03.790546+01:00] logger.ERROR: Weather\WeatherStack\Domain\Model\Exceptions\OutOfRangeDayHourException Day hour must be a integer value between 0-23. '-1' is out of range. [] []
[2024-01-15T20:01:03.791551+01:00] logger.ERROR: Weather\WeatherStack\Domain\Model\Exceptions\OutOfRangeDayHourException Day hour must be a integer value between 0-23. '24' is out of range. [] []
[2024-01-15T20:01:03.916288+01:00] logger.ERROR: Weather\WeatherStack\Infrastructure\Command\Tools\Exceptions\BadClassException 'MockObject_Response_8cad0200' class passed. Only SearchHistoricalWeatherResponse class allowed. [] []
[2024-01-15T20:01:03.918083+01:00] logger.ERROR: Weather\WeatherStack\Infrastructure\Command\Tools\Exceptions\NotSameLineNumberException Number of lines must be the same between csv file (1 lines) and query (2 lines) [] []
[2024-01-15T20:01:04.172418+01:00] logger.ERROR: Weather\WeatherStack\Domain\Model\CurrentWeather\Exceptions\CurrentWeatherNotFoundException  [] []
[2024-01-15T20:01:04.349068+01:00] logger.ERROR: Weather\WeatherStack\Domain\Model\CurrentWeather\Exceptions\CurrentWeatherNotFoundException  [] []
[2024-01-15T20:01:04.379349+01:00] logger.ERROR: Weather\WeatherStack\Domain\Model\Exceptions\HistoricalDayNotFoundException  [] []
[2024-01-15T20:01:04.390278+01:00] logger.ERROR: Weather\WeatherStack\Domain\Model\Exceptions\HistoricalDayNotFoundException  [] []
[2024-01-16T08:45:36.111300+01:00] logger.ERROR: Weather\WeatherStack\Exceptions\APIErrorException API Error success '', code '???', type '???', info '???' [] []
[2024-01-16T08:45:36.118808+01:00] logger.ERROR: Weather\WeatherStack\Exceptions\APIErrorException API Error success '', code '???', type '???', info '???' [] []
[2024-01-16T08:45:36.128971+01:00] logger.ERROR: Weather\WeatherStack\Exceptions\APIErrorException API Error success 'false', code '615', type 'request_failed', info 'Your API request failed. Please try again or contact support.' [] []
[2024-01-16T08:45:36.152759+01:00] logger.ERROR: Weather\WeatherStack\Domain\Model\Exceptions\OutOfRangeDayHourException Day hour must be a integer value between 0-23. '-1' is out of range. [] []
[2024-01-16T08:45:36.153748+01:00] logger.ERROR: Weather\WeatherStack\Domain\Model\Exceptions\OutOfRangeDayHourException Day hour must be a integer value between 0-23. '24' is out of range. [] []
[2024-01-16T08:45:36.297781+01:00] logger.ERROR: Weather\WeatherStack\Infrastructure\Command\Tools\Exceptions\BadClassException 'MockObject_Response_d0529edc' class passed. Only SearchHistoricalWeatherResponse class allowed. [] []
[2024-01-16T08:45:36.300681+01:00] logger.ERROR: Weather\WeatherStack\Infrastructure\Command\Tools\Exceptions\NotSameLineNumberException Number of lines must be the same between csv file (1 lines) and query (2 lines) [] []
[2024-01-16T08:45:36.581600+01:00] logger.ERROR: Weather\WeatherStack\Domain\Model\CurrentWeather\Exceptions\CurrentWeatherNotFoundException  [] []
[2024-01-16T08:45:36.690761+01:00] logger.ERROR: Weather\WeatherStack\Domain\Model\CurrentWeather\Exceptions\CurrentWeatherNotFoundException  [] []
[2024-01-16T08:45:36.715883+01:00] logger.ERROR: Weather\WeatherStack\Domain\Model\Exceptions\HistoricalDayNotFoundException  [] []
[2024-01-16T08:45:36.726406+01:00] logger.ERROR: Weather\WeatherStack\Domain\Model\Exceptions\HistoricalDayNotFoundException  [] []
[2024-01-16T08:46:46.919882+01:00] logger.ERROR: Weather\WeatherStack\Exceptions\APIErrorException API Error success '', code '???', type '???', info '???' [] []
[2024-01-16T08:46:46.929176+01:00] logger.ERROR: Weather\WeatherStack\Exceptions\APIErrorException API Error success '', code '???', type '???', info '???' [] []
[2024-01-16T08:46:46.940203+01:00] logger.ERROR: Weather\WeatherStack\Exceptions\APIErrorException API Error success 'false', code '615', type 'request_failed', info 'Your API request failed. Please try again or contact support.' [] []
[2024-01-16T08:46:46.968378+01:00] logger.ERROR: Weather\WeatherStack\Domain\Model\Exceptions\OutOfRangeDayHourException Day hour must be a integer value between 0-23. '-1' is out of range. [] []
[2024-01-16T08:46:46.972133+01:00] logger.ERROR: Weather\WeatherStack\Domain\Model\Exceptions\OutOfRangeDayHourException Day hour must be a integer value between 0-23. '24' is out of range. [] []
[2024-01-16T08:46:47.113832+01:00] logger.ERROR: Weather\WeatherStack\Infrastructure\Command\Tools\Exceptions\BadClassException 'MockObject_Response_ae00b953' class passed. Only SearchHistoricalWeatherResponse class allowed. [] []
[2024-01-16T08:46:47.117143+01:00] logger.ERROR: Weather\WeatherStack\Infrastructure\Command\Tools\Exceptions\NotSameLineNumberException Number of lines must be the same between csv file (1 lines) and query (2 lines) [] []
[2024-01-16T08:46:47.284071+01:00] logger.ERROR: Weather\WeatherStack\Domain\Model\CurrentWeather\Exceptions\CurrentWeatherNotFoundException  [] []
[2024-01-16T08:46:47.386660+01:00] logger.ERROR: Weather\WeatherStack\Domain\Model\CurrentWeather\Exceptions\CurrentWeatherNotFoundException  [] []
[2024-01-16T08:46:47.408049+01:00] logger.ERROR: Weather\WeatherStack\Domain\Model\Exceptions\HistoricalDayNotFoundException  [] []
[2024-01-16T08:46:47.419740+01:00] logger.ERROR: Weather\WeatherStack\Domain\Model\Exceptions\HistoricalDayNotFoundException  [] []
[2024-01-16T08:52:26.119716+01:00] logger.ERROR: Weather\WeatherStack\Exceptions\APIErrorException API Error success '', code '???', type '???', info '???' [] []
[2024-01-16T08:52:26.121548+01:00] logger.ERROR: Weather\WeatherStack\Exceptions\APIErrorException API Error success '', code '???', type '???', info '???' [] []
[2024-01-16T08:52:26.131945+01:00] logger.ERROR: Weather\WeatherStack\Exceptions\APIErrorException API Error success 'false', code '615', type 'request_failed', info 'Your API request failed. Please try again or contact support.' [] []
[2024-01-16T08:52:26.145795+01:00] logger.ERROR: Weather\WeatherStack\Domain\Model\Exceptions\OutOfRangeDayHourException Day hour must be a integer value between 0-23. '-1' is out of range. [] []
[2024-01-16T08:52:26.146485+01:00] logger.ERROR: Weather\WeatherStack\Domain\Model\Exceptions\OutOfRangeDayHourException Day hour must be a integer value between 0-23. '24' is out of range. [] []
[2024-01-16T08:52:26.249082+01:00] logger.ERROR: Weather\WeatherStack\Infrastructure\Command\Tools\Exceptions\BadClassException 'MockObject_Response_1d1f5b74' class passed. Only SearchHistoricalWeatherResponse class allowed. [] []
[2024-01-16T08:52:26.251750+01:00] logger.ERROR: Weather\WeatherStack\Infrastructure\Command\Tools\Exceptions\NotSameLineNumberException Number of lines must be the same between csv file (1 lines) and query (2 lines) [] []
[2024-01-16T08:52:26.461470+01:00] logger.ERROR: Weather\WeatherStack\Domain\Model\CurrentWeather\Exceptions\CurrentWeatherNotFoundException  [] []
[2024-01-16T08:52:26.569753+01:00] logger.ERROR: Weather\WeatherStack\Domain\Model\CurrentWeather\Exceptions\CurrentWeatherNotFoundException  [] []
[2024-01-16T08:52:26.596448+01:00] logger.ERROR: Weather\WeatherStack\Domain\Model\Exceptions\HistoricalDayNotFoundException  [] []
[2024-01-16T08:52:26.610819+01:00] logger.ERROR: Weather\WeatherStack\Domain\Model\Exceptions\HistoricalDayNotFoundException  [] []
[2024-01-16T08:52:44.107142+01:00] logger.ERROR: Weather\WeatherStack\Exceptions\APIErrorException API Error success '', code '???', type '???', info '???' [] []
[2024-01-16T08:52:44.109349+01:00] logger.ERROR: Weather\WeatherStack\Exceptions\APIErrorException API Error success '', code '???', type '???', info '???' [] []
[2024-01-16T08:52:44.123299+01:00] logger.ERROR: Weather\WeatherStack\Exceptions\APIErrorException API Error success 'false', code '615', type 'request_failed', info 'Your API request failed. Please try again or contact support.' [] []
[2024-01-16T08:52:44.142878+01:00] logger.ERROR: Weather\WeatherStack\Domain\Model\Exceptions\OutOfRangeDayHourException Day hour must be a integer value between 0-23. '-1' is out of range. [] []
[2024-01-16T08:52:44.143952+01:00] logger.ERROR: Weather\WeatherStack\Domain\Model\Exceptions\OutOfRangeDayHourException Day hour must be a integer value between 0-23. '24' is out of range. [] []
[2024-01-16T08:52:44.252072+01:00] logger.ERROR: Weather\WeatherStack\Infrastructure\Command\Tools\Exceptions\BadClassException 'MockObject_Response_71b56dae' class passed. Only SearchHistoricalWeatherResponse class allowed. [] []
[2024-01-16T08:52:44.253183+01:00] logger.ERROR: Weather\WeatherStack\Infrastructure\Command\Tools\Exceptions\NotSameLineNumberException Number of lines must be the same between csv file (1 lines) and query (2 lines) [] []
[2024-01-16T08:52:44.450872+01:00] logger.ERROR: Weather\WeatherStack\Domain\Model\CurrentWeather\Exceptions\CurrentWeatherNotFoundException  [] []
[2024-01-16T08:52:44.552253+01:00] logger.ERROR: Weather\WeatherStack\Domain\Model\CurrentWeather\Exceptions\CurrentWeatherNotFoundException  [] []
[2024-01-16T08:52:44.574553+01:00] logger.ERROR: Weather\WeatherStack\Domain\Model\Exceptions\HistoricalDayNotFoundException  [] []
[2024-01-16T08:52:44.584622+01:00] logger.ERROR: Weather\WeatherStack\Domain\Model\Exceptions\HistoricalDayNotFoundException  [] []
